2018-01-05 18:11:37.590  INFO 10148 --- [restartedMain] c.outstudio.weixin.WeixinEduApplication  : Starting WeixinEduApplication on Samson with PID 10148 (D:\IDEAwork\weixin-edu\target\classes started by 96428 in D:\IDEAwork\weixin-edu)
2018-01-05 18:11:37.606 DEBUG 10148 --- [restartedMain] c.outstudio.weixin.WeixinEduApplication  : Running with Spring Boot v1.5.6.RELEASE, Spring v4.3.10.RELEASE
2018-01-05 18:11:37.606  INFO 10148 --- [restartedMain] c.outstudio.weixin.WeixinEduApplication  : No active profile set, falling back to default profiles: default
2018-01-05 18:11:38.137  INFO 10148 --- [restartedMain] ationConfigEmbeddedWebApplicationContext : Refreshing org.springframework.boot.context.embedded.AnnotationConfigEmbeddedWebApplicationContext@7f664bed: startup date [Fri Jan 05 18:11:38 CST 2018]; root of context hierarchy
2018-01-05 18:11:41.411  INFO 10148 --- [restartedMain] trationDelegate$BeanPostProcessorChecker : Bean 'shiroConfig' of type [com.outstudio.weixin.core.config.ShiroConfig$$EnhancerBySpringCGLIB$$37877f4f] is not eligible for getting processed by all BeanPostProcessors (for example: not eligible for auto-proxying)
2018-01-05 18:11:41.786  WARN 10148 --- [restartedMain] net.sf.ehcache.CacheManager              : One or more caches require a DiskStore but there is no diskStore element configured. Using the default disk store path of C:\Users\96428\AppData\Local\Temp\. Please explicitly configure the diskStore element in ehcache.xml.
2018-01-05 18:11:41.927  INFO 10148 --- [restartedMain] trationDelegate$BeanPostProcessorChecker : Bean 'ehCacheManager' of type [org.apache.shiro.cache.ehcache.EhCacheManager] is not eligible for getting processed by all BeanPostProcessors (for example: not eligible for auto-proxying)
2018-01-05 18:11:41.927  INFO 10148 --- [restartedMain] o.a.shiro.cache.ehcache.EhCacheManager   : Cache with name 'com.outstudio.weixin.core.shiro.token.MyRealm.authorizationCache' does not yet exist.  Creating now.
2018-01-05 18:11:41.927  INFO 10148 --- [restartedMain] o.a.shiro.cache.ehcache.EhCacheManager   : Added EhCache named [com.outstudio.weixin.core.shiro.token.MyRealm.authorizationCache]
2018-01-05 18:11:41.943  INFO 10148 --- [restartedMain] trationDelegate$BeanPostProcessorChecker : Bean 'ehcacheConfig' of type [com.outstudio.weixin.core.config.EhcacheConfig$$EnhancerBySpringCGLIB$$e4849fdd] is not eligible for getting processed by all BeanPostProcessors (for example: not eligible for auto-proxying)
2018-01-05 18:11:41.943  INFO 10148 --- [restartedMain] o.s.c.ehcache.EhCacheManagerFactoryBean  : Initializing EhCache CacheManager
2018-01-05 18:11:41.943  INFO 10148 --- [restartedMain] trationDelegate$BeanPostProcessorChecker : Bean 'ehCacheManagerFactoryBean' of type [org.springframework.cache.ehcache.EhCacheManagerFactoryBean] is not eligible for getting processed by all BeanPostProcessors (for example: not eligible for auto-proxying)
2018-01-05 18:11:41.958  INFO 10148 --- [restartedMain] trationDelegate$BeanPostProcessorChecker : Bean 'ehCacheManagerFactoryBean' of type [net.sf.ehcache.CacheManager] is not eligible for getting processed by all BeanPostProcessors (for example: not eligible for auto-proxying)
2018-01-05 18:11:41.974  INFO 10148 --- [restartedMain] trationDelegate$BeanPostProcessorChecker : Bean 'ehCacheCacheManager' of type [org.springframework.cache.ehcache.EhCacheCacheManager] is not eligible for getting processed by all BeanPostProcessors (for example: not eligible for auto-proxying)
2018-01-05 18:11:41.974  INFO 10148 --- [restartedMain] trationDelegate$BeanPostProcessorChecker : Bean 'retryLimitHashedCredentialsMatcher' of type [com.outstudio.weixin.core.shiro.token.RetryLimitHashedCredentialsMatcher] is not eligible for getting processed by all BeanPostProcessors (for example: not eligible for auto-proxying)
2018-01-05 18:11:42.005  INFO 10148 --- [restartedMain] trationDelegate$BeanPostProcessorChecker : Bean 'sessionIdCookie' of type [org.apache.shiro.web.servlet.SimpleCookie] is not eligible for getting processed by all BeanPostProcessors (for example: not eligible for auto-proxying)
2018-01-05 18:11:42.005  INFO 10148 --- [restartedMain] trationDelegate$BeanPostProcessorChecker : Bean 'sessionIdGenerator' of type [org.apache.shiro.session.mgt.eis.JavaUuidSessionIdGenerator] is not eligible for getting processed by all BeanPostProcessors (for example: not eligible for auto-proxying)
2018-01-05 18:11:42.005  INFO 10148 --- [restartedMain] trationDelegate$BeanPostProcessorChecker : Bean 'sessionDAO' of type [org.apache.shiro.session.mgt.eis.EnterpriseCacheSessionDAO] is not eligible for getting processed by all BeanPostProcessors (for example: not eligible for auto-proxying)
2018-01-05 18:11:42.021  INFO 10148 --- [restartedMain] trationDelegate$BeanPostProcessorChecker : Bean 'sessionManager' of type [org.apache.shiro.web.session.mgt.DefaultWebSessionManager] is not eligible for getting processed by all BeanPostProcessors (for example: not eligible for auto-proxying)
2018-01-05 18:11:42.021  INFO 10148 --- [restartedMain] trationDelegate$BeanPostProcessorChecker : Bean 'rememberMeCookie' of type [org.apache.shiro.web.servlet.SimpleCookie] is not eligible for getting processed by all BeanPostProcessors (for example: not eligible for auto-proxying)
2018-01-05 18:11:42.036  INFO 10148 --- [restartedMain] trationDelegate$BeanPostProcessorChecker : Bean 'rememberMeManager' of type [org.apache.shiro.web.mgt.CookieRememberMeManager] is not eligible for getting processed by all BeanPostProcessors (for example: not eligible for auto-proxying)
2018-01-05 18:11:42.052  INFO 10148 --- [restartedMain] trationDelegate$BeanPostProcessorChecker : Bean 'securityManager' of type [org.apache.shiro.web.mgt.DefaultWebSecurityManager] is not eligible for getting processed by all BeanPostProcessors (for example: not eligible for auto-proxying)
2018-01-05 18:11:42.068  INFO 10148 --- [restartedMain] trationDelegate$BeanPostProcessorChecker : Bean 'methodInvokingFactoryBean' of type [org.springframework.beans.factory.config.MethodInvokingFactoryBean] is not eligible for getting processed by all BeanPostProcessors (for example: not eligible for auto-proxying)
2018-01-05 18:11:42.068  INFO 10148 --- [restartedMain] trationDelegate$BeanPostProcessorChecker : Bean 'org.springframework.boot.autoconfigure.jdbc.DataSourceConfiguration$Tomcat' of type [org.springframework.boot.autoconfigure.jdbc.DataSourceConfiguration$Tomcat] is not eligible for getting processed by all BeanPostProcessors (for example: not eligible for auto-proxying)
2018-01-05 18:11:42.193  INFO 10148 --- [restartedMain] trationDelegate$BeanPostProcessorChecker : Bean 'spring.datasource-org.springframework.boot.autoconfigure.jdbc.DataSourceProperties' of type [org.springframework.boot.autoconfigure.jdbc.DataSourceProperties] is not eligible for getting processed by all BeanPostProcessors (for example: not eligible for auto-proxying)
2018-01-05 18:11:42.349  INFO 10148 --- [restartedMain] trationDelegate$BeanPostProcessorChecker : Bean 'dataSource' of type [org.apache.tomcat.jdbc.pool.DataSource] is not eligible for getting processed by all BeanPostProcessors (for example: not eligible for auto-proxying)
2018-01-05 18:11:42.349  INFO 10148 --- [restartedMain] trationDelegate$BeanPostProcessorChecker : Bean 'mybatisConfig' of type [com.outstudio.weixin.core.config.MybatisConfig$$EnhancerBySpringCGLIB$$95376471] is not eligible for getting processed by all BeanPostProcessors (for example: not eligible for auto-proxying)
2018-01-05 18:11:42.411  INFO 10148 --- [restartedMain] trationDelegate$BeanPostProcessorChecker : Bean 'pageInterceptor' of type [com.github.pagehelper.PageInterceptor] is not eligible for getting processed by all BeanPostProcessors (for example: not eligible for auto-proxying)
2018-01-05 18:11:42.990  INFO 10148 --- [restartedMain] trationDelegate$BeanPostProcessorChecker : Bean 'sqlSessionFactory' of type [org.apache.ibatis.session.defaults.DefaultSqlSessionFactory] is not eligible for getting processed by all BeanPostProcessors (for example: not eligible for auto-proxying)
2018-01-05 18:11:43.005  INFO 10148 --- [restartedMain] trationDelegate$BeanPostProcessorChecker : Bean 'sqlSessionTemplate' of type [org.mybatis.spring.SqlSessionTemplate] is not eligible for getting processed by all BeanPostProcessors (for example: not eligible for auto-proxying)
2018-01-05 18:11:43.005  INFO 10148 --- [restartedMain] trationDelegate$BeanPostProcessorChecker : Bean 'userEntityMapper' of type [org.mybatis.spring.mapper.MapperFactoryBean] is not eligible for getting processed by all BeanPostProcessors (for example: not eligible for auto-proxying)
2018-01-05 18:11:43.005  INFO 10148 --- [restartedMain] trationDelegate$BeanPostProcessorChecker : Bean 'userEntityMapper' of type [com.sun.proxy.$Proxy69] is not eligible for getting processed by all BeanPostProcessors (for example: not eligible for auto-proxying)
2018-01-05 18:11:43.021  INFO 10148 --- [restartedMain] trationDelegate$BeanPostProcessorChecker : Bean 'userService' of type [com.outstudio.weixin.common.service.UserService] is not eligible for getting processed by all BeanPostProcessors (for example: not eligible for auto-proxying)
2018-01-05 18:11:43.021  INFO 10148 --- [restartedMain] trationDelegate$BeanPostProcessorChecker : Bean 'managerEntityMapper' of type [org.mybatis.spring.mapper.MapperFactoryBean] is not eligible for getting processed by all BeanPostProcessors (for example: not eligible for auto-proxying)
2018-01-05 18:11:43.021  INFO 10148 --- [restartedMain] trationDelegate$BeanPostProcessorChecker : Bean 'managerEntityMapper' of type [com.sun.proxy.$Proxy71] is not eligible for getting processed by all BeanPostProcessors (for example: not eligible for auto-proxying)
2018-01-05 18:11:43.021  INFO 10148 --- [restartedMain] trationDelegate$BeanPostProcessorChecker : Bean 'managerService' of type [com.outstudio.weixin.common.service.ManagerService] is not eligible for getting processed by all BeanPostProcessors (for example: not eligible for auto-proxying)
2018-01-05 18:11:43.021  INFO 10148 --- [restartedMain] trationDelegate$BeanPostProcessorChecker : Bean 'myRealm' of type [com.outstudio.weixin.core.shiro.token.MyRealm] is not eligible for getting processed by all BeanPostProcessors (for example: not eligible for auto-proxying)
2018-01-05 18:11:43.021  INFO 10148 --- [restartedMain] trationDelegate$BeanPostProcessorChecker : Bean 'securityManager' of type [org.apache.shiro.web.mgt.DefaultWebSecurityManager] is not eligible for getting processed by all BeanPostProcessors (for example: not eligible for auto-proxying)
2018-01-05 18:11:43.037  INFO 10148 --- [restartedMain] trationDelegate$BeanPostProcessorChecker : Bean 'loginFilter' of type [com.outstudio.weixin.core.shiro.filters.LoginFilter] is not eligible for getting processed by all BeanPostProcessors (for example: not eligible for auto-proxying)
2018-01-05 18:11:43.037  INFO 10148 --- [restartedMain] trationDelegate$BeanPostProcessorChecker : Bean 'forbidFilter' of type [com.outstudio.weixin.core.shiro.filters.ForbidFilter] is not eligible for getting processed by all BeanPostProcessors (for example: not eligible for auto-proxying)
2018-01-05 18:11:43.037  INFO 10148 --- [restartedMain] trationDelegate$BeanPostProcessorChecker : Bean 'weixinAuthFilter' of type [com.outstudio.weixin.core.shiro.filters.WeixinAuthFilter] is not eligible for getting processed by all BeanPostProcessors (for example: not eligible for auto-proxying)
2018-01-05 18:11:43.052  INFO 10148 --- [restartedMain] trationDelegate$BeanPostProcessorChecker : Bean 'alreadyLoginFilter' of type [com.outstudio.weixin.core.shiro.filters.AlreadyLoginFilter] is not eligible for getting processed by all BeanPostProcessors (for example: not eligible for auto-proxying)
2018-01-05 18:11:43.115  INFO 10148 --- [restartedMain] trationDelegate$BeanPostProcessorChecker : Bean 'authorizationAttributeSourceAdvisor' of type [org.apache.shiro.spring.security.interceptor.AuthorizationAttributeSourceAdvisor] is not eligible for getting processed by all BeanPostProcessors (for example: not eligible for auto-proxying)
2018-01-05 18:11:43.130  INFO 10148 --- [restartedMain] trationDelegate$BeanPostProcessorChecker : Bean 'org.springframework.transaction.annotation.ProxyTransactionManagementConfiguration' of type [org.springframework.transaction.annotation.ProxyTransactionManagementConfiguration$$EnhancerBySpringCGLIB$$3b418389] is not eligible for getting processed by all BeanPostProcessors (for example: not eligible for auto-proxying)
2018-01-05 18:11:43.162  INFO 10148 --- [restartedMain] trationDelegate$BeanPostProcessorChecker : Bean 'org.springframework.cache.annotation.ProxyCachingConfiguration' of type [org.springframework.cache.annotation.ProxyCachingConfiguration$$EnhancerBySpringCGLIB$$8453b9a7] is not eligible for getting processed by all BeanPostProcessors (for example: not eligible for auto-proxying)
2018-01-05 18:11:43.630  INFO 10148 --- [restartedMain] s.b.c.e.t.TomcatEmbeddedServletContainer : Tomcat initialized with port(s): 8080 (http)
2018-01-05 18:11:43.649  INFO 10148 --- [restartedMain] o.apache.catalina.core.StandardService   : Starting service [Tomcat]
2018-01-05 18:11:43.650  INFO 10148 --- [restartedMain] org.apache.catalina.core.StandardEngine  : Starting Servlet Engine: Apache Tomcat/8.5.16
2018-01-05 18:11:43.814  INFO 10148 --- [localhost-startStop-1] o.a.c.c.C.[Tomcat].[localhost].[/]       : Initializing Spring embedded WebApplicationContext
2018-01-05 18:11:43.814  INFO 10148 --- [localhost-startStop-1] o.s.web.context.ContextLoader            : Root WebApplicationContext: initialization completed in 5677 ms
2018-01-05 18:11:44.142  INFO 10148 --- [localhost-startStop-1] o.s.b.w.servlet.FilterRegistrationBean   : Mapping filter: 'characterEncodingFilter' to: [/*]
2018-01-05 18:11:44.142  INFO 10148 --- [localhost-startStop-1] o.s.b.w.servlet.FilterRegistrationBean   : Mapping filter: 'hiddenHttpMethodFilter' to: [/*]
2018-01-05 18:11:44.142  INFO 10148 --- [localhost-startStop-1] o.s.b.w.servlet.FilterRegistrationBean   : Mapping filter: 'httpPutFormContentFilter' to: [/*]
2018-01-05 18:11:44.142  INFO 10148 --- [localhost-startStop-1] o.s.b.w.servlet.FilterRegistrationBean   : Mapping filter: 'requestContextFilter' to: [/*]
2018-01-05 18:11:44.142  INFO 10148 --- [localhost-startStop-1] o.s.b.w.servlet.FilterRegistrationBean   : Filter loginFilter was not registered (disabled)
2018-01-05 18:11:44.142  INFO 10148 --- [localhost-startStop-1] o.s.b.w.servlet.FilterRegistrationBean   : Filter alreadyLoginFilter was not registered (disabled)
2018-01-05 18:11:44.142  INFO 10148 --- [localhost-startStop-1] o.s.b.w.servlet.FilterRegistrationBean   : Filter forbidFilter was not registered (disabled)
2018-01-05 18:11:44.142  INFO 10148 --- [localhost-startStop-1] o.s.b.w.servlet.FilterRegistrationBean   : Filter weixinAuthFilter was not registered (disabled)
2018-01-05 18:11:44.142  INFO 10148 --- [localhost-startStop-1] o.s.b.w.servlet.FilterRegistrationBean   : Mapping filter: 'shiroFilter' to: [/*]
2018-01-05 18:11:44.142  INFO 10148 --- [localhost-startStop-1] o.s.b.w.servlet.FilterRegistrationBean   : Mapping filter: 'vipFilter' to: [/*]
2018-01-05 18:11:44.142  INFO 10148 --- [localhost-startStop-1] o.s.b.w.servlet.ServletRegistrationBean  : Mapping servlet: 'dispatcherServlet' to [/]
2018-01-05 18:11:44.142  INFO 10148 --- [localhost-startStop-1] o.s.b.w.servlet.ServletRegistrationBean  : Mapping servlet: 'AccessTokenServlet' to [/self/AccessTokenServlet]
2018-01-05 18:11:44.142  INFO 10148 --- [localhost-startStop-1] o.s.b.w.servlet.ServletRegistrationBean  : Mapping servlet: 'CreateMenuServlet' to [/self/CreateMenuServlet]
2018-01-05 18:11:45.189  INFO 10148 --- [restartedMain] s.w.s.m.m.a.RequestMappingHandlerAdapter : Looking for @ControllerAdvice: org.springframework.boot.context.embedded.AnnotationConfigEmbeddedWebApplicationContext@7f664bed: startup date [Fri Jan 05 18:11:38 CST 2018]; root of context hierarchy
2018-01-05 18:11:45.267  INFO 10148 --- [restartedMain] s.w.s.m.m.a.RequestMappingHandlerMapping : Mapped "{[/back/users/pageNum],methods=[GET]}" onto public com.outstudio.weixin.common.vo.MessageVo com.outstudio.weixin.back.controller.BackUserController.getPages()
2018-01-05 18:11:45.267  INFO 10148 --- [restartedMain] s.w.s.m.m.a.RequestMappingHandlerMapping : Mapped "{[/back/users/info/{id}],methods=[GET]}" onto public org.springframework.web.servlet.ModelAndView com.outstudio.weixin.back.controller.BackUserController.onePage(java.lang.Integer)
2018-01-05 18:11:45.267  INFO 10148 --- [restartedMain] s.w.s.m.m.a.RequestMappingHandlerMapping : Mapped "{[/back/users/page/{pageNum}],methods=[GET]}" onto public com.outstudio.weixin.common.vo.MessageVo com.outstudio.weixin.back.controller.BackUserController.getUsers(int)
2018-01-05 18:11:45.267  INFO 10148 --- [restartedMain] s.w.s.m.m.a.RequestMappingHandlerMapping : Mapped "{[/back/users],methods=[PUT]}" onto public com.outstudio.weixin.common.vo.MessageVo com.outstudio.weixin.back.controller.BackUserController.setAgent(com.outstudio.weixin.common.po.UserEntity)
2018-01-05 18:11:45.267  INFO 10148 --- [restartedMain] s.w.s.m.m.a.RequestMappingHandlerMapping : Mapped "{[/back/enReviews/{id}],methods=[PUT]}" onto public com.outstudio.weixin.common.vo.MessageVo com.outstudio.weixin.back.controller.EnReviewController.modifyEnReview(java.lang.Integer,com.outstudio.weixin.common.po.EnReviewEntity)
2018-01-05 18:11:45.267  INFO 10148 --- [restartedMain] s.w.s.m.m.a.RequestMappingHandlerMapping : Mapped "{[/back/enReviews],methods=[POST]}" onto public com.outstudio.weixin.common.vo.MessageVo com.outstudio.weixin.back.controller.EnReviewController.addEnReview(com.outstudio.weixin.common.po.EnReviewEntity)
2018-01-05 18:11:45.267  INFO 10148 --- [restartedMain] s.w.s.m.m.a.RequestMappingHandlerMapping : Mapped "{[/back/enReviews/{id}],methods=[DELETE]}" onto public com.outstudio.weixin.common.vo.MessageVo com.outstudio.weixin.back.controller.EnReviewController.deleteEnReview(java.lang.Integer)
2018-01-05 18:11:45.282  INFO 10148 --- [restartedMain] s.w.s.m.m.a.RequestMappingHandlerMapping : Mapped "{[/back/enReviews/{id}],methods=[PATCH]}" onto public com.outstudio.weixin.common.vo.MessageVo com.outstudio.weixin.back.controller.EnReviewController.modifyEnReviewExceptContent(java.lang.Integer,com.outstudio.weixin.common.po.EnReviewEntity)
2018-01-05 18:11:45.282  INFO 10148 --- [restartedMain] s.w.s.m.m.a.RequestMappingHandlerMapping : Mapped "{[/back/enVideos],methods=[POST]}" onto public com.outstudio.weixin.common.vo.MessageVo com.outstudio.weixin.back.controller.EnVideoController.postEnVideo(com.outstudio.weixin.common.po.EnVideoEntity)
2018-01-05 18:11:45.282  INFO 10148 --- [restartedMain] s.w.s.m.m.a.RequestMappingHandlerMapping : Mapped "{[/back/enVideos/{id}],methods=[DELETE]}" onto public com.outstudio.weixin.common.vo.MessageVo com.outstudio.weixin.back.controller.EnVideoController.deleteEnVideo(java.lang.Integer)
2018-01-05 18:11:45.282  INFO 10148 --- [restartedMain] s.w.s.m.m.a.RequestMappingHandlerMapping : Mapped "{[/back/enVideos/{id}],methods=[PATCH]}" onto public com.outstudio.weixin.common.vo.MessageVo com.outstudio.weixin.back.controller.EnVideoController.modifyEnVideo(java.lang.Integer,com.outstudio.weixin.common.po.EnVideoEntity)
2018-01-05 18:11:45.282  INFO 10148 --- [restartedMain] s.w.s.m.m.a.RequestMappingHandlerMapping : Mapped "{[/back/interviewVideo],methods=[PUT]}" onto public com.outstudio.weixin.common.vo.MessageVo com.outstudio.weixin.back.controller.InterviewVideoController.modifyInterview(java.lang.Integer,com.outstudio.weixin.common.po.InterviewVideoEntity)
2018-01-05 18:11:45.282  INFO 10148 --- [restartedMain] s.w.s.m.m.a.RequestMappingHandlerMapping : Mapped "{[/back/interviewVideos/{id}],methods=[DELETE]}" onto public com.outstudio.weixin.common.vo.MessageVo com.outstudio.weixin.back.controller.InterviewVideoController.deleteInterviewVideo(java.lang.Integer)
2018-01-05 18:11:45.282  INFO 10148 --- [restartedMain] s.w.s.m.m.a.RequestMappingHandlerMapping : Mapped "{[/back/interviewVideos],methods=[POST]}" onto public com.outstudio.weixin.common.vo.MessageVo com.outstudio.weixin.back.controller.InterviewVideoController.postInterviewVideo(com.outstudio.weixin.common.po.InterviewVideoEntity)
2018-01-05 18:11:45.282  INFO 10148 --- [restartedMain] s.w.s.m.m.a.RequestMappingHandlerMapping : Mapped "{[/open/back/sublogin],methods=[POST]}" onto public com.outstudio.weixin.common.vo.MessageVo com.outstudio.weixin.back.controller.LoginController.sublogin(javax.servlet.http.HttpServletRequest,com.outstudio.weixin.common.po.ManagerEntity)
2018-01-05 18:11:45.282  INFO 10148 --- [restartedMain] s.w.s.m.m.a.RequestMappingHandlerMapping : Mapped "{[/back/logout]}" onto public org.springframework.web.servlet.ModelAndView com.outstudio.weixin.back.controller.LoginController.logout()
2018-01-05 18:11:45.282  INFO 10148 --- [restartedMain] s.w.s.m.m.a.RequestMappingHandlerMapping : Mapped "{[/back/sub/password],methods=[PUT]}" onto public com.outstudio.weixin.common.vo.MessageVo com.outstudio.weixin.back.controller.ManagerController.changePassword(java.util.Map<java.lang.String, java.lang.String>)
2018-01-05 18:11:45.282  INFO 10148 --- [restartedMain] s.w.s.m.m.a.RequestMappingHandlerMapping : Mapped "{[/back/messages/{id}],methods=[PUT]}" onto public com.outstudio.weixin.common.vo.MessageVo com.outstudio.weixin.back.controller.MessageController.modifyMessage(java.lang.Integer,com.outstudio.weixin.common.po.MessageEntity)
2018-01-05 18:11:45.282  INFO 10148 --- [restartedMain] s.w.s.m.m.a.RequestMappingHandlerMapping : Mapped "{[/back/messages/{id}],methods=[DELETE]}" onto public com.outstudio.weixin.common.vo.MessageVo com.outstudio.weixin.back.controller.MessageController.deleteMessage(java.lang.Integer)
2018-01-05 18:11:45.298  INFO 10148 --- [restartedMain] s.w.s.m.m.a.RequestMappingHandlerMapping : Mapped "{[/back/messages],methods=[POST]}" onto public com.outstudio.weixin.common.vo.MessageVo com.outstudio.weixin.back.controller.MessageController.postMessage(com.outstudio.weixin.common.po.MessageEntity)
2018-01-05 18:11:45.298  INFO 10148 --- [restartedMain] s.w.s.m.m.a.RequestMappingHandlerMapping : Mapped "{[/back/stories/{id}],methods=[DELETE]}" onto public com.outstudio.weixin.common.vo.MessageVo com.outstudio.weixin.back.controller.StoryController.deleteStory(java.lang.Integer)
2018-01-05 18:11:45.298  INFO 10148 --- [restartedMain] s.w.s.m.m.a.RequestMappingHandlerMapping : Mapped "{[/back/stories],methods=[POST]}" onto public com.outstudio.weixin.common.vo.MessageVo com.outstudio.weixin.back.controller.StoryController.uploadStory(org.springframework.web.multipart.MultipartFile,javax.servlet.http.HttpServletRequest,com.outstudio.weixin.common.po.StoryEntity)
2018-01-05 18:11:45.298  INFO 10148 --- [restartedMain] s.w.s.m.m.a.RequestMappingHandlerMapping : Mapped "{[/back/stories/{id}],methods=[PUT]}" onto public com.outstudio.weixin.common.vo.MessageVo com.outstudio.weixin.back.controller.StoryController.modifyStory(java.lang.Integer,com.outstudio.weixin.common.po.StoryEntity)
2018-01-05 18:11:45.298  INFO 10148 --- [restartedMain] s.w.s.m.m.a.RequestMappingHandlerMapping : Mapped "{[/open/back/welcomes],methods=[GET]}" onto public com.outstudio.weixin.common.vo.MessageVo com.outstudio.weixin.back.controller.WelcomeController.getWelcomes()
2018-01-05 18:11:45.298  INFO 10148 --- [restartedMain] s.w.s.m.m.a.RequestMappingHandlerMapping : Mapped "{[/open/back/welcomes/{id}],methods=[GET]}" onto public com.outstudio.weixin.common.vo.MessageVo com.outstudio.weixin.back.controller.WelcomeController.getWelcomeById(java.lang.Integer)
2018-01-05 18:11:45.298  INFO 10148 --- [restartedMain] s.w.s.m.m.a.RequestMappingHandlerMapping : Mapped "{[/open/back/welcomes/{id}],methods=[PUT]}" onto public com.outstudio.weixin.common.vo.MessageVo com.outstudio.weixin.back.controller.WelcomeController.modifyWelcome(java.lang.Integer,com.outstudio.weixin.common.po.WelcomeEntity)
2018-01-05 18:11:45.298  INFO 10148 --- [restartedMain] s.w.s.m.m.a.RequestMappingHandlerMapping : Mapped "{[/open/back/welcomes/{id}],methods=[PATCH]}" onto public com.outstudio.weixin.common.vo.MessageVo com.outstudio.weixin.back.controller.WelcomeController.useWelcomeById(java.lang.Integer)
2018-01-05 18:11:45.298  INFO 10148 --- [restartedMain] s.w.s.m.m.a.RequestMappingHandlerMapping : Mapped "{[/open/back/welcomes],methods=[POST]}" onto public com.outstudio.weixin.common.vo.MessageVo com.outstudio.weixin.back.controller.WelcomeController.post(com.outstudio.weixin.common.po.WelcomeEntity)
2018-01-05 18:11:45.298  INFO 10148 --- [restartedMain] s.w.s.m.m.a.RequestMappingHandlerMapping : Mapped "{[/open/back/welcomes/{id}],methods=[DELETE]}" onto public com.outstudio.weixin.common.vo.MessageVo com.outstudio.weixin.back.controller.WelcomeController.deleteWelcomeById(java.lang.Integer)
2018-01-05 18:11:45.298  INFO 10148 --- [restartedMain] s.w.s.m.m.a.RequestMappingHandlerMapping : Mapped "{[/cloud/signature]}" onto public com.outstudio.weixin.common.vo.MessageVo com.outstudio.weixin.common.cloud.CloudController.getSignature()
2018-01-05 18:11:45.298  INFO 10148 --- [restartedMain] s.w.s.m.m.a.RequestMappingHandlerMapping : Mapped "{[/hello],methods=[GET]}" onto public java.lang.String com.outstudio.weixin.common.controller.CommonController.hello()
2018-01-05 18:11:45.314  INFO 10148 --- [restartedMain] s.w.s.m.m.a.RequestMappingHandlerMapping : Mapped "{[/open/page/oauth]}" onto public java.lang.String com.outstudio.weixin.page.controller.AuthController.oauth(javax.servlet.http.HttpServletRequest,java.lang.String,java.lang.String)
2018-01-05 18:11:45.314  INFO 10148 --- [restartedMain] s.w.s.m.m.a.RequestMappingHandlerMapping : Mapped "{[/page/enReviews/page/{pageNum}],methods=[GET]}" onto public com.outstudio.weixin.common.vo.MessageVo com.outstudio.weixin.page.controller.EnReviewController.getAllEnReviews(int)
2018-01-05 18:11:45.314  INFO 10148 --- [restartedMain] s.w.s.m.m.a.RequestMappingHandlerMapping : Mapped "{[/page/enReviews/pageNum],methods=[GET]}" onto public com.outstudio.weixin.common.vo.MessageVo com.outstudio.weixin.page.controller.EnReviewController.getNum()
2018-01-05 18:11:45.314  INFO 10148 --- [restartedMain] s.w.s.m.m.a.RequestMappingHandlerMapping : Mapped "{[/page/enReviews],methods=[GET]}" onto public com.outstudio.weixin.common.vo.MessageVo com.outstudio.weixin.page.controller.EnReviewController.searchEnReviews(java.lang.String)
2018-01-05 18:11:45.314  INFO 10148 --- [restartedMain] s.w.s.m.m.a.RequestMappingHandlerMapping : Mapped "{[/page/enReviews/stages],methods=[GET]}" onto public com.outstudio.weixin.common.vo.MessageVo com.outstudio.weixin.page.controller.EnReviewController.getStages()
2018-01-05 18:11:45.314  INFO 10148 --- [restartedMain] s.w.s.m.m.a.RequestMappingHandlerMapping : Mapped "{[/page/enReviews/{id}],methods=[GET]}" onto public org.springframework.web.servlet.ModelAndView com.outstudio.weixin.page.controller.EnReviewController.getEnReview(java.lang.Integer)
2018-01-05 18:11:45.314  INFO 10148 --- [restartedMain] s.w.s.m.m.a.RequestMappingHandlerMapping : Mapped "{[/page/enReviews/stage/{stage}/page/{pageNum}],methods=[GET]}" onto public com.outstudio.weixin.common.vo.MessageVo com.outstudio.weixin.page.controller.EnReviewController.getEnReviewsByStage(java.lang.Integer,java.lang.Integer)
2018-01-05 18:11:45.314  INFO 10148 --- [restartedMain] s.w.s.m.m.a.RequestMappingHandlerMapping : Mapped "{[/page/enVideos],methods=[GET]}" onto public com.outstudio.weixin.common.vo.MessageVo com.outstudio.weixin.page.controller.EnVideoController.searchEnVideos(java.lang.String)
2018-01-05 18:11:45.314  INFO 10148 --- [restartedMain] s.w.s.m.m.a.RequestMappingHandlerMapping : Mapped "{[/page/enVideos/{id}],methods=[GET]}" onto public org.springframework.web.servlet.ModelAndView com.outstudio.weixin.page.controller.EnVideoController.getenVideoById(java.lang.Integer)
2018-01-05 18:11:45.314  INFO 10148 --- [restartedMain] s.w.s.m.m.a.RequestMappingHandlerMapping : Mapped "{[/page/enVideos/pageNum],methods=[GET]}" onto public com.outstudio.weixin.common.vo.MessageVo com.outstudio.weixin.page.controller.EnVideoController.getNum()
2018-01-05 18:11:45.314  INFO 10148 --- [restartedMain] s.w.s.m.m.a.RequestMappingHandlerMapping : Mapped "{[/page/enVideos/stages],methods=[GET]}" onto public com.outstudio.weixin.common.vo.MessageVo com.outstudio.weixin.page.controller.EnVideoController.getStages()
2018-01-05 18:11:45.314  INFO 10148 --- [restartedMain] s.w.s.m.m.a.RequestMappingHandlerMapping : Mapped "{[/page/enVideos/page/{pageNum}],methods=[GET]}" onto public com.outstudio.weixin.common.vo.MessageVo com.outstudio.weixin.page.controller.EnVideoController.getAllEnVideos(java.lang.Integer)
2018-01-05 18:11:45.329  INFO 10148 --- [restartedMain] s.w.s.m.m.a.RequestMappingHandlerMapping : Mapped "{[/page/enVideos/stage/{stage}/page/{pageNum}],methods=[GET]}" onto public com.outstudio.weixin.common.vo.MessageVo com.outstudio.weixin.page.controller.EnVideoController.getEnVideosByStage(java.lang.Integer,java.lang.Integer)
2018-01-05 18:11:45.329  INFO 10148 --- [restartedMain] s.w.s.m.m.a.RequestMappingHandlerMapping : Mapped "{[/page/interviewVideos/{id}],methods=[GET]}" onto public org.springframework.web.servlet.ModelAndView com.outstudio.weixin.page.controller.InterviewVideoController.getenVideoById(java.lang.Integer)
2018-01-05 18:11:45.329  INFO 10148 --- [restartedMain] s.w.s.m.m.a.RequestMappingHandlerMapping : Mapped "{[/page/interviewVideos/page/{pageNum}],methods=[GET]}" onto public com.outstudio.weixin.common.vo.MessageVo com.outstudio.weixin.page.controller.InterviewVideoController.getAllInterviews(java.lang.Integer)
2018-01-05 18:11:45.329  INFO 10148 --- [restartedMain] s.w.s.m.m.a.RequestMappingHandlerMapping : Mapped "{[/page/interviewVideos/pageNum],methods=[GET]}" onto public com.outstudio.weixin.common.vo.MessageVo com.outstudio.weixin.page.controller.InterviewVideoController.getPageNum()
2018-01-05 18:11:45.329  INFO 10148 --- [restartedMain] s.w.s.m.m.a.RequestMappingHandlerMapping : Mapped "{[/page/interviewVideos/stages],methods=[GET]}" onto public com.outstudio.weixin.common.vo.MessageVo com.outstudio.weixin.page.controller.InterviewVideoController.getStages()
2018-01-05 18:11:45.329  INFO 10148 --- [restartedMain] s.w.s.m.m.a.RequestMappingHandlerMapping : Mapped "{[/page/interviewVideos/stage/{stage}/page/{pageNum}],methods=[GET]}" onto public com.outstudio.weixin.common.vo.MessageVo com.outstudio.weixin.page.controller.InterviewVideoController.getInterviewsByStage(java.lang.Integer,java.lang.Integer)
2018-01-05 18:11:45.329  INFO 10148 --- [restartedMain] s.w.s.m.m.a.RequestMappingHandlerMapping : Mapped "{[/page/interviewVideos],methods=[GET]}" onto public com.outstudio.weixin.common.vo.MessageVo com.outstudio.weixin.page.controller.InterviewVideoController.searchInterviewVideos(java.lang.String)
2018-01-05 18:11:45.329  INFO 10148 --- [restartedMain] s.w.s.m.m.a.RequestMappingHandlerMapping : Mapped "{[/page/messages/{id}],methods=[GET]}" onto public org.springframework.web.servlet.ModelAndView com.outstudio.weixin.page.controller.MessageController.getMessageById(java.lang.Integer)
2018-01-05 18:11:45.329  INFO 10148 --- [restartedMain] s.w.s.m.m.a.RequestMappingHandlerMapping : Mapped "{[/page/messages/page/{pageNum}],methods=[GET]}" onto public com.outstudio.weixin.common.vo.MessageVo com.outstudio.weixin.page.controller.MessageController.getAllMessages(java.lang.Integer)
2018-01-05 18:11:45.329  INFO 10148 --- [restartedMain] s.w.s.m.m.a.RequestMappingHandlerMapping : Mapped "{[/page/messages],methods=[GET]}" onto public com.outstudio.weixin.common.vo.MessageVo com.outstudio.weixin.page.controller.MessageController.searchParam(java.lang.String)
2018-01-05 18:11:45.329  INFO 10148 --- [restartedMain] s.w.s.m.m.a.RequestMappingHandlerMapping : Mapped "{[/open/page/unauth]}" onto public org.springframework.web.servlet.ModelAndView com.outstudio.weixin.page.controller.PageBaseController.unauth()
2018-01-05 18:11:45.329  INFO 10148 --- [restartedMain] s.w.s.m.m.a.RequestMappingHandlerMapping : Mapped "{[/open/page/wxpay]}" onto public java.util.Map<java.lang.String, java.lang.String> com.outstudio.weixin.page.controller.PayController.pay(javax.servlet.http.HttpServletRequest,java.lang.String)
2018-01-05 18:11:45.345  INFO 10148 --- [restartedMain] s.w.s.m.m.a.RequestMappingHandlerMapping : Mapped "{[/open/page/wxpayDone]}" onto public java.lang.String com.outstudio.weixin.page.controller.PayController.processResult(javax.servlet.http.HttpServletRequest) throws java.lang.Exception
2018-01-05 18:11:45.345  INFO 10148 --- [restartedMain] s.w.s.m.m.a.RequestMappingHandlerMapping : Mapped "{[/page/stories/pageNum],methods=[GET]}" onto public com.outstudio.weixin.common.vo.MessageVo com.outstudio.weixin.page.controller.StoryController.getNum()
2018-01-05 18:11:45.345  INFO 10148 --- [restartedMain] s.w.s.m.m.a.RequestMappingHandlerMapping : Mapped "{[/page/stories/{id}],methods=[GET]}" onto public org.springframework.web.servlet.ModelAndView com.outstudio.weixin.page.controller.StoryController.getStory(java.lang.Integer)
2018-01-05 18:11:45.345  INFO 10148 --- [restartedMain] s.w.s.m.m.a.RequestMappingHandlerMapping : Mapped "{[/page/stories/type/{type}/page/{pageNum}],methods=[GET]}" onto public com.outstudio.weixin.common.vo.MessageVo com.outstudio.weixin.page.controller.StoryController.getStotiesByType(java.lang.Integer,java.lang.Integer)
2018-01-05 18:11:45.345  INFO 10148 --- [restartedMain] s.w.s.m.m.a.RequestMappingHandlerMapping : Mapped "{[/page/stories],methods=[GET]}" onto public com.outstudio.weixin.common.vo.MessageVo com.outstudio.weixin.page.controller.StoryController.searchStories(java.lang.String)
2018-01-05 18:11:45.345  INFO 10148 --- [restartedMain] s.w.s.m.m.a.RequestMappingHandlerMapping : Mapped "{[/page/stories/page/{pageNum}],methods=[GET]}" onto public com.outstudio.weixin.common.vo.MessageVo com.outstudio.weixin.page.controller.StoryController.getAllStories(java.lang.Integer)
2018-01-05 18:11:45.345  INFO 10148 --- [restartedMain] s.w.s.m.m.a.RequestMappingHandlerMapping : Mapped "{[/page/view/userInfo],methods=[GET]}" onto public org.springframework.web.servlet.ModelAndView com.outstudio.weixin.page.controller.UserController.getUserInfo()
2018-01-05 18:11:45.345  INFO 10148 --- [restartedMain] s.w.s.m.m.a.RequestMappingHandlerMapping : Mapped "{[/oauth],methods=[GET]}" onto public org.springframework.web.servlet.ModelAndView com.outstudio.weixin.wechat.controller.WeixinController.oauth(java.lang.String,java.lang.String,javax.servlet.http.HttpServletRequest,javax.servlet.http.HttpServletResponse) throws java.io.IOException
2018-01-05 18:11:45.345  INFO 10148 --- [restartedMain] s.w.s.m.m.a.RequestMappingHandlerMapping : Mapped "{[/weixin],methods=[GET]}" onto public java.lang.String com.outstudio.weixin.wechat.controller.WeixinController.weixin(java.lang.String,java.lang.String,java.lang.String,java.lang.String)
2018-01-05 18:11:45.345  INFO 10148 --- [restartedMain] s.w.s.m.m.a.RequestMappingHandlerMapping : Mapped "{[/weixin],methods=[POST]}" onto public void com.outstudio.weixin.wechat.controller.WeixinController.weixin(javax.servlet.http.HttpServletRequest,javax.servlet.http.HttpServletResponse) throws java.io.IOException
2018-01-05 18:11:45.345  INFO 10148 --- [restartedMain] s.w.s.m.m.a.RequestMappingHandlerMapping : Mapped "{[/error]}" onto public org.springframework.http.ResponseEntity<java.util.Map<java.lang.String, java.lang.Object>> org.springframework.boot.autoconfigure.web.BasicErrorController.error(javax.servlet.http.HttpServletRequest)
2018-01-05 18:11:45.345  INFO 10148 --- [restartedMain] s.w.s.m.m.a.RequestMappingHandlerMapping : Mapped "{[/error],produces=[text/html]}" onto public org.springframework.web.servlet.ModelAndView org.springframework.boot.autoconfigure.web.BasicErrorController.errorHtml(javax.servlet.http.HttpServletRequest,javax.servlet.http.HttpServletResponse)
2018-01-05 18:11:45.407  INFO 10148 --- [restartedMain] o.s.w.s.handler.SimpleUrlHandlerMapping  : Mapped URL path [/open/back/login] onto handler of type [class org.springframework.web.servlet.mvc.ParameterizableViewController]
2018-01-05 18:11:45.407  INFO 10148 --- [restartedMain] o.s.w.s.handler.SimpleUrlHandlerMapping  : Mapped URL path [/back/index] onto handler of type [class org.springframework.web.servlet.mvc.ParameterizableViewController]
2018-01-05 18:11:45.407  INFO 10148 --- [restartedMain] o.s.w.s.handler.SimpleUrlHandlerMapping  : Mapped URL path [/back/password] onto handler of type [class org.springframework.web.servlet.mvc.ParameterizableViewController]
2018-01-05 18:11:45.407  INFO 10148 --- [restartedMain] o.s.w.s.handler.SimpleUrlHandlerMapping  : Mapped URL path [/back/admin] onto handler of type [class org.springframework.web.servlet.mvc.ParameterizableViewController]
2018-01-05 18:11:45.407  INFO 10148 --- [restartedMain] o.s.w.s.handler.SimpleUrlHandlerMapping  : Mapped URL path [/back/import/audio] onto handler of type [class org.springframework.web.servlet.mvc.ParameterizableViewController]
2018-01-05 18:11:45.407  INFO 10148 --- [restartedMain] o.s.w.s.handler.SimpleUrlHandlerMapping  : Mapped URL path [/back/import/video] onto handler of type [class org.springframework.web.servlet.mvc.ParameterizableViewController]
2018-01-05 18:11:45.407  INFO 10148 --- [restartedMain] o.s.w.s.handler.SimpleUrlHandlerMapping  : Mapped URL path [/back/import/english] onto handler of type [class org.springframework.web.servlet.mvc.ParameterizableViewController]
2018-01-05 18:11:45.407  INFO 10148 --- [restartedMain] o.s.w.s.handler.SimpleUrlHandlerMapping  : Mapped URL path [/back/view/audio] onto handler of type [class org.springframework.web.servlet.mvc.ParameterizableViewController]
2018-01-05 18:11:45.407  INFO 10148 --- [restartedMain] o.s.w.s.handler.SimpleUrlHandlerMapping  : Mapped URL path [/back/view/video] onto handler of type [class org.springframework.web.servlet.mvc.ParameterizableViewController]
2018-01-05 18:11:45.407  INFO 10148 --- [restartedMain] o.s.w.s.handler.SimpleUrlHandlerMapping  : Mapped URL path [/back/view/english] onto handler of type [class org.springframework.web.servlet.mvc.ParameterizableViewController]
2018-01-05 18:11:45.407  INFO 10148 --- [restartedMain] o.s.w.s.handler.SimpleUrlHandlerMapping  : Mapped URL path [/page/view/audio] onto handler of type [class org.springframework.web.servlet.mvc.ParameterizableViewController]
2018-01-05 18:11:45.407  INFO 10148 --- [restartedMain] o.s.w.s.handler.SimpleUrlHandlerMapping  : Mapped URL path [/page/view/video] onto handler of type [class org.springframework.web.servlet.mvc.ParameterizableViewController]
2018-01-05 18:11:45.407  INFO 10148 --- [restartedMain] o.s.w.s.handler.SimpleUrlHandlerMapping  : Mapped URL path [/page/view/english] onto handler of type [class org.springframework.web.servlet.mvc.ParameterizableViewController]
2018-01-05 18:11:45.407  INFO 10148 --- [restartedMain] o.s.w.s.handler.SimpleUrlHandlerMapping  : Mapped URL path [/page/view/introduction] onto handler of type [class org.springframework.web.servlet.mvc.ParameterizableViewController]
2018-01-05 18:11:45.423  INFO 10148 --- [restartedMain] o.s.w.s.handler.SimpleUrlHandlerMapping  : Mapped URL path [/page/view/vip] onto handler of type [class org.springframework.web.servlet.mvc.ParameterizableViewController]
2018-01-05 18:11:45.423  INFO 10148 --- [restartedMain] o.s.w.s.handler.SimpleUrlHandlerMapping  : Mapped URL path [/page/view/voiceInHome] onto handler of type [class org.springframework.web.servlet.mvc.ParameterizableViewController]
2018-01-05 18:11:45.423  INFO 10148 --- [restartedMain] o.s.w.s.handler.SimpleUrlHandlerMapping  : Mapped URL path [/page/view/agent] onto handler of type [class org.springframework.web.servlet.mvc.ParameterizableViewController]
2018-01-05 18:11:45.423  INFO 10148 --- [restartedMain] o.s.w.s.handler.SimpleUrlHandlerMapping  : Mapped URL path [/error] onto handler of type [class org.springframework.web.servlet.mvc.ParameterizableViewController]
2018-01-05 18:11:45.423  INFO 10148 --- [restartedMain] o.s.w.s.handler.SimpleUrlHandlerMapping  : Root mapping to handler of type [class org.springframework.web.servlet.mvc.ParameterizableViewController]
2018-01-05 18:11:45.454  INFO 10148 --- [restartedMain] o.s.w.s.handler.SimpleUrlHandlerMapping  : Mapped URL path [/mp3/**] onto handler of type [class org.springframework.web.servlet.resource.ResourceHttpRequestHandler]
2018-01-05 18:11:45.454  INFO 10148 --- [restartedMain] o.s.w.s.handler.SimpleUrlHandlerMapping  : Mapped URL path [/mp4/**] onto handler of type [class org.springframework.web.servlet.resource.ResourceHttpRequestHandler]
2018-01-05 18:11:45.454  INFO 10148 --- [restartedMain] o.s.w.s.handler.SimpleUrlHandlerMapping  : Mapped URL path [/webjars/**] onto handler of type [class org.springframework.web.servlet.resource.ResourceHttpRequestHandler]
2018-01-05 18:11:45.454  INFO 10148 --- [restartedMain] o.s.w.s.handler.SimpleUrlHandlerMapping  : Mapped URL path [/**] onto handler of type [class org.springframework.web.servlet.resource.ResourceHttpRequestHandler]
2018-01-05 18:11:45.501  INFO 10148 --- [restartedMain] .m.m.a.ExceptionHandlerExceptionResolver : Detected @ExceptionHandler methods in baseExceptionAdvisor
2018-01-05 18:11:45.548  INFO 10148 --- [restartedMain] o.s.w.s.handler.SimpleUrlHandlerMapping  : Mapped URL path [/**/favicon.ico] onto handler of type [class org.springframework.web.servlet.resource.ResourceHttpRequestHandler]
2018-01-05 18:11:46.908  INFO 10148 --- [restartedMain] o.s.b.d.a.OptionalLiveReloadServer       : LiveReload server is running on port 35729
2018-01-05 18:11:47.017  INFO 10148 --- [restartedMain] o.s.j.e.a.AnnotationMBeanExporter        : Registering beans for JMX exposure on startup
2018-01-05 18:11:47.173  INFO 10148 --- [restartedMain] c.o.w.wechat.servlet.AccessTokenServlet  : 服务已经启动，正在加载AccessTokenServlet
2018-01-05 18:11:47.173  INFO 10148 --- [Thread-32] c.o.weixin.common.utils.NetWorkUtil      : do get the https://api.weixin.qq.com/cgi-bin/token?grant_type=client_credential&appid=wx6b2cfecab5b48621&secret=48a1796bdca284377046f40423da162e
2018-01-05 18:11:48.017  INFO 10148 --- [Thread-32] c.o.weixin.common.utils.NetWorkUtil      : got response : {"errcode":40164,"errmsg":"invalid ip 222.173.59.6, not in whitelist hint: [gHTW_a01092974]"}
2018-01-05 18:11:48.111 DEBUG 10148 --- [Thread-32] c.o.w.wechat.servlet.AccessTokenServlet  : 已经正确获取AccessToken, 现在的token为->{null}
2018-01-05 18:11:48.126 ERROR 10148 --- [Thread-32] c.o.w.wechat.servlet.AccessTokenServlet  : 获取AccessToken出现错误, 错误信息为->{null}

java.lang.NumberFormatException: null
	at java.lang.Integer.parseInt(Integer.java:542) ~[na:1.8.0_101]
	at java.lang.Integer.parseInt(Integer.java:615) ~[na:1.8.0_101]
	at com.outstudio.weixin.wechat.servlet.AccessTokenServlet.lambda$init$0(AccessTokenServlet.java:42) ~[classes/:na]
	at java.lang.Thread.run(Thread.java:745) ~[na:1.8.0_101]

2018-01-05 18:11:49.142  INFO 10148 --- [Thread-32] c.o.weixin.common.utils.NetWorkUtil      : do get the https://api.weixin.qq.com/cgi-bin/token?grant_type=client_credential&appid=wx6b2cfecab5b48621&secret=48a1796bdca284377046f40423da162e
